<?xml version="1.0" encoding="UTF-8"?>
<!-- Generated by org.testng.reporters.JUnitReportReporter -->
<testsuite hostname="A3701L" failures="0" tests="1" name="DemoProject.SumDemoClass" time="1.781" errors="0" timestamp="2023-09-19T09:37:54 IST" skipped="0">
  <testcase classname="DemoProject.SumDemoClass" name="Sumofthecourses" time="1.781"/>
</testsuite> <!-- DemoProject.SumDemoClass -->
